  AdminForm.cpp
E:\WORKSPACE\CODE\PBL\BankingApp_winform\BankingApp_winform\AdminTransactionForm.h(393,47): warning C4566: character represented by universal-character-name '\u1EA1' cannot be represented in the current code page (1252)
  (compiling source file 'AdminForm.cpp')
  
E:\WORKSPACE\CODE\PBL\BankingApp_winform\BankingApp_winform\AdminTransactionForm.h(454,46): warning C4566: character represented by universal-character-name '\u1EA1' cannot be represented in the current code page (1252)
  (compiling source file 'AdminForm.cpp')
  
E:\WORKSPACE\CODE\PBL\BankingApp_winform\BankingApp_winform\AdminTransactionForm.h(454,46): warning C4566: character represented by universal-character-name '\u0111' cannot be represented in the current code page (1252)
  (compiling source file 'AdminForm.cpp')
  
E:\WORKSPACE\CODE\PBL\BankingApp_winform\BankingApp_winform\AdminTransactionForm.h(454,46): warning C4566: character represented by universal-character-name '\u1ECD' cannot be represented in the current code page (1252)
  (compiling source file 'AdminForm.cpp')
  
E:\WORKSPACE\CODE\PBL\BankingApp_winform\BankingApp_winform\AdminTransactionForm.h(456,46): warning C4566: character represented by universal-character-name '\u01B0' cannot be represented in the current code page (1252)
  (compiling source file 'AdminForm.cpp')
  
E:\WORKSPACE\CODE\PBL\BankingApp_winform\BankingApp_winform\AdminTransactionForm.h(456,46): warning C4566: character represented by universal-character-name '\u1ECB' cannot be represented in the current code page (1252)
  (compiling source file 'AdminForm.cpp')
  
E:\WORKSPACE\CODE\PBL\BankingApp_winform\BankingApp_winform\ServicePaymentForm.h(471,30): warning C4566: character represented by universal-character-name '\u1ED7' cannot be represented in the current code page (1252)
  (compiling source file 'AdminForm.cpp')
  
E:\WORKSPACE\CODE\PBL\BankingApp_winform\BankingApp_winform\ServicePaymentForm.h(471,30): warning C4566: character represented by universal-character-name '\u1EE7' cannot be represented in the current code page (1252)
  (compiling source file 'AdminForm.cpp')
  
E:\WORKSPACE\CODE\PBL\BankingApp_winform\BankingApp_winform\ServicePaymentForm.h(471,30): warning C4566: character represented by universal-character-name '\u1EED' cannot be represented in the current code page (1252)
  (compiling source file 'AdminForm.cpp')
  
E:\WORKSPACE\CODE\PBL\BankingApp_winform\BankingApp_winform\ServicePaymentForm.h(471,30): warning C4566: character represented by universal-character-name '\u1EA1' cannot be represented in the current code page (1252)
  (compiling source file 'AdminForm.cpp')
  
E:\WORKSPACE\CODE\PBL\BankingApp_winform\BankingApp_winform\ClientRecurringPaymentForm.h(517,64): warning C4566: character represented by universal-character-name '\u1EA3' cannot be represented in the current code page (1252)
  (compiling source file 'AdminForm.cpp')
  
E:\WORKSPACE\CODE\PBL\BankingApp_winform\BankingApp_winform\ClientRecurringPaymentForm.h(521,54): warning C4566: character represented by universal-character-name '\u1EA3' cannot be represented in the current code page (1252)
  (compiling source file 'AdminForm.cpp')
  
E:\WORKSPACE\CODE\PBL\BankingApp_winform\BankingApp_winform\ClientRecurringPaymentForm.h(525,77): warning C4566: character represented by universal-character-name '\u1EA3' cannot be represented in the current code page (1252)
  (compiling source file 'AdminForm.cpp')
  
E:\WORKSPACE\CODE\PBL\BankingApp_winform\BankingApp_winform\ClientRecurringPaymentForm.h(550,38): warning C4566: character represented by universal-character-name '\u1EA3' cannot be represented in the current code page (1252)
  (compiling source file 'AdminForm.cpp')
  
E:\WORKSPACE\CODE\PBL\BankingApp_winform\BankingApp_winform\ClientRecurringPaymentForm.h(562,61): warning C4566: character represented by universal-character-name '\u1EA3' cannot be represented in the current code page (1252)
  (compiling source file 'AdminForm.cpp')
  
E:\WORKSPACE\CODE\PBL\BankingApp_winform\BankingApp_winform\ClientRecurringPaymentForm.h(587,74): warning C4566: character represented by universal-character-name '\u1EA3' cannot be represented in the current code page (1252)
  (compiling source file 'AdminForm.cpp')
  
  AdminServiceForm.cpp
E:\WORKSPACE\CODE\PBL\BankingApp_winform\BankingApp_winform\AdminTransactionForm.h(393,47): warning C4566: character represented by universal-character-name '\u1EA1' cannot be represented in the current code page (1252)
  (compiling source file 'AdminServiceForm.cpp')
  
E:\WORKSPACE\CODE\PBL\BankingApp_winform\BankingApp_winform\AdminTransactionForm.h(454,46): warning C4566: character represented by universal-character-name '\u1EA1' cannot be represented in the current code page (1252)
  (compiling source file 'AdminServiceForm.cpp')
  
E:\WORKSPACE\CODE\PBL\BankingApp_winform\BankingApp_winform\AdminTransactionForm.h(454,46): warning C4566: character represented by universal-character-name '\u0111' cannot be represented in the current code page (1252)
  (compiling source file 'AdminServiceForm.cpp')
  
E:\WORKSPACE\CODE\PBL\BankingApp_winform\BankingApp_winform\AdminTransactionForm.h(454,46): warning C4566: character represented by universal-character-name '\u1ECD' cannot be represented in the current code page (1252)
  (compiling source file 'AdminServiceForm.cpp')
  
E:\WORKSPACE\CODE\PBL\BankingApp_winform\BankingApp_winform\AdminTransactionForm.h(456,46): warning C4566: character represented by universal-character-name '\u01B0' cannot be represented in the current code page (1252)
  (compiling source file 'AdminServiceForm.cpp')
  
E:\WORKSPACE\CODE\PBL\BankingApp_winform\BankingApp_winform\AdminTransactionForm.h(456,46): warning C4566: character represented by universal-character-name '\u1ECB' cannot be represented in the current code page (1252)
  (compiling source file 'AdminServiceForm.cpp')
  
  AuthForm.cpp
E:\WORKSPACE\CODE\PBL\BankingApp_winform\BankingApp_winform\AdminTransactionForm.h(393,47): warning C4566: character represented by universal-character-name '\u1EA1' cannot be represented in the current code page (1252)
  (compiling source file 'AuthForm.cpp')
  
E:\WORKSPACE\CODE\PBL\BankingApp_winform\BankingApp_winform\AdminTransactionForm.h(454,46): warning C4566: character represented by universal-character-name '\u1EA1' cannot be represented in the current code page (1252)
  (compiling source file 'AuthForm.cpp')
  
E:\WORKSPACE\CODE\PBL\BankingApp_winform\BankingApp_winform\AdminTransactionForm.h(454,46): warning C4566: character represented by universal-character-name '\u0111' cannot be represented in the current code page (1252)
  (compiling source file 'AuthForm.cpp')
  
E:\WORKSPACE\CODE\PBL\BankingApp_winform\BankingApp_winform\AdminTransactionForm.h(454,46): warning C4566: character represented by universal-character-name '\u1ECD' cannot be represented in the current code page (1252)
  (compiling source file 'AuthForm.cpp')
  
E:\WORKSPACE\CODE\PBL\BankingApp_winform\BankingApp_winform\AdminTransactionForm.h(456,46): warning C4566: character represented by universal-character-name '\u01B0' cannot be represented in the current code page (1252)
  (compiling source file 'AuthForm.cpp')
  
E:\WORKSPACE\CODE\PBL\BankingApp_winform\BankingApp_winform\AdminTransactionForm.h(456,46): warning C4566: character represented by universal-character-name '\u1ECB' cannot be represented in the current code page (1252)
  (compiling source file 'AuthForm.cpp')
  
E:\WORKSPACE\CODE\PBL\BankingApp_winform\BankingApp_winform\ServicePaymentForm.h(471,30): warning C4566: character represented by universal-character-name '\u1ED7' cannot be represented in the current code page (1252)
  (compiling source file 'AuthForm.cpp')
  
E:\WORKSPACE\CODE\PBL\BankingApp_winform\BankingApp_winform\ServicePaymentForm.h(471,30): warning C4566: character represented by universal-character-name '\u1EE7' cannot be represented in the current code page (1252)
  (compiling source file 'AuthForm.cpp')
  
E:\WORKSPACE\CODE\PBL\BankingApp_winform\BankingApp_winform\ServicePaymentForm.h(471,30): warning C4566: character represented by universal-character-name '\u1EED' cannot be represented in the current code page (1252)
  (compiling source file 'AuthForm.cpp')
  
E:\WORKSPACE\CODE\PBL\BankingApp_winform\BankingApp_winform\ServicePaymentForm.h(471,30): warning C4566: character represented by universal-character-name '\u1EA1' cannot be represented in the current code page (1252)
  (compiling source file 'AuthForm.cpp')
  
E:\WORKSPACE\CODE\PBL\BankingApp_winform\BankingApp_winform\ClientRecurringPaymentForm.h(517,64): warning C4566: character represented by universal-character-name '\u1EA3' cannot be represented in the current code page (1252)
  (compiling source file 'AuthForm.cpp')
  
E:\WORKSPACE\CODE\PBL\BankingApp_winform\BankingApp_winform\ClientRecurringPaymentForm.h(521,54): warning C4566: character represented by universal-character-name '\u1EA3' cannot be represented in the current code page (1252)
  (compiling source file 'AuthForm.cpp')
  
E:\WORKSPACE\CODE\PBL\BankingApp_winform\BankingApp_winform\ClientRecurringPaymentForm.h(525,77): warning C4566: character represented by universal-character-name '\u1EA3' cannot be represented in the current code page (1252)
  (compiling source file 'AuthForm.cpp')
  
E:\WORKSPACE\CODE\PBL\BankingApp_winform\BankingApp_winform\ClientRecurringPaymentForm.h(550,38): warning C4566: character represented by universal-character-name '\u1EA3' cannot be represented in the current code page (1252)
  (compiling source file 'AuthForm.cpp')
  
E:\WORKSPACE\CODE\PBL\BankingApp_winform\BankingApp_winform\ClientRecurringPaymentForm.h(562,61): warning C4566: character represented by universal-character-name '\u1EA3' cannot be represented in the current code page (1252)
  (compiling source file 'AuthForm.cpp')
  
E:\WORKSPACE\CODE\PBL\BankingApp_winform\BankingApp_winform\ClientRecurringPaymentForm.h(587,74): warning C4566: character represented by universal-character-name '\u1EA3' cannot be represented in the current code page (1252)
  (compiling source file 'AuthForm.cpp')
  
  CompanyBillingForm.cpp
E:\WORKSPACE\CODE\PBL\BankingApp_winform\BankingApp_winform\AdminTransactionForm.h(393,47): warning C4566: character represented by universal-character-name '\u1EA1' cannot be represented in the current code page (1252)
  (compiling source file 'CompanyBillingForm.cpp')
  
E:\WORKSPACE\CODE\PBL\BankingApp_winform\BankingApp_winform\AdminTransactionForm.h(454,46): warning C4566: character represented by universal-character-name '\u1EA1' cannot be represented in the current code page (1252)
  (compiling source file 'CompanyBillingForm.cpp')
  
E:\WORKSPACE\CODE\PBL\BankingApp_winform\BankingApp_winform\AdminTransactionForm.h(454,46): warning C4566: character represented by universal-character-name '\u0111' cannot be represented in the current code page (1252)
  (compiling source file 'CompanyBillingForm.cpp')
  
E:\WORKSPACE\CODE\PBL\BankingApp_winform\BankingApp_winform\AdminTransactionForm.h(454,46): warning C4566: character represented by universal-character-name '\u1ECD' cannot be represented in the current code page (1252)
  (compiling source file 'CompanyBillingForm.cpp')
  
E:\WORKSPACE\CODE\PBL\BankingApp_winform\BankingApp_winform\AdminTransactionForm.h(456,46): warning C4566: character represented by universal-character-name '\u01B0' cannot be represented in the current code page (1252)
  (compiling source file 'CompanyBillingForm.cpp')
  
E:\WORKSPACE\CODE\PBL\BankingApp_winform\BankingApp_winform\AdminTransactionForm.h(456,46): warning C4566: character represented by universal-character-name '\u1ECB' cannot be represented in the current code page (1252)
  (compiling source file 'CompanyBillingForm.cpp')
  
  CompanyForm.cpp
E:\WORKSPACE\CODE\PBL\BankingApp_winform\BankingApp_winform\AdminTransactionForm.h(393,47): warning C4566: character represented by universal-character-name '\u1EA1' cannot be represented in the current code page (1252)
  (compiling source file 'CompanyForm.cpp')
  
E:\WORKSPACE\CODE\PBL\BankingApp_winform\BankingApp_winform\AdminTransactionForm.h(454,46): warning C4566: character represented by universal-character-name '\u1EA1' cannot be represented in the current code page (1252)
  (compiling source file 'CompanyForm.cpp')
  
E:\WORKSPACE\CODE\PBL\BankingApp_winform\BankingApp_winform\AdminTransactionForm.h(454,46): warning C4566: character represented by universal-character-name '\u0111' cannot be represented in the current code page (1252)
  (compiling source file 'CompanyForm.cpp')
  
E:\WORKSPACE\CODE\PBL\BankingApp_winform\BankingApp_winform\AdminTransactionForm.h(454,46): warning C4566: character represented by universal-character-name '\u1ECD' cannot be represented in the current code page (1252)
  (compiling source file 'CompanyForm.cpp')
  
E:\WORKSPACE\CODE\PBL\BankingApp_winform\BankingApp_winform\AdminTransactionForm.h(456,46): warning C4566: character represented by universal-character-name '\u01B0' cannot be represented in the current code page (1252)
  (compiling source file 'CompanyForm.cpp')
  
E:\WORKSPACE\CODE\PBL\BankingApp_winform\BankingApp_winform\AdminTransactionForm.h(456,46): warning C4566: character represented by universal-character-name '\u1ECB' cannot be represented in the current code page (1252)
  (compiling source file 'CompanyForm.cpp')
  
  EditUserForm.cpp
E:\WORKSPACE\CODE\PBL\BankingApp_winform\BankingApp_winform\AdminTransactionForm.h(393,47): warning C4566: character represented by universal-character-name '\u1EA1' cannot be represented in the current code page (1252)
  (compiling source file 'EditUserForm.cpp')
  
E:\WORKSPACE\CODE\PBL\BankingApp_winform\BankingApp_winform\AdminTransactionForm.h(454,46): warning C4566: character represented by universal-character-name '\u1EA1' cannot be represented in the current code page (1252)
  (compiling source file 'EditUserForm.cpp')
  
E:\WORKSPACE\CODE\PBL\BankingApp_winform\BankingApp_winform\AdminTransactionForm.h(454,46): warning C4566: character represented by universal-character-name '\u0111' cannot be represented in the current code page (1252)
  (compiling source file 'EditUserForm.cpp')
  
E:\WORKSPACE\CODE\PBL\BankingApp_winform\BankingApp_winform\AdminTransactionForm.h(454,46): warning C4566: character represented by universal-character-name '\u1ECD' cannot be represented in the current code page (1252)
  (compiling source file 'EditUserForm.cpp')
  
E:\WORKSPACE\CODE\PBL\BankingApp_winform\BankingApp_winform\AdminTransactionForm.h(456,46): warning C4566: character represented by universal-character-name '\u01B0' cannot be represented in the current code page (1252)
  (compiling source file 'EditUserForm.cpp')
  
E:\WORKSPACE\CODE\PBL\BankingApp_winform\BankingApp_winform\AdminTransactionForm.h(456,46): warning C4566: character represented by universal-character-name '\u1ECB' cannot be represented in the current code page (1252)
  (compiling source file 'EditUserForm.cpp')
  
  Main.cpp
E:\WORKSPACE\CODE\PBL\BankingApp_winform\BankingApp_winform\AdminTransactionForm.h(393,47): warning C4566: character represented by universal-character-name '\u1EA1' cannot be represented in the current code page (1252)
  (compiling source file 'Main.cpp')
  
E:\WORKSPACE\CODE\PBL\BankingApp_winform\BankingApp_winform\AdminTransactionForm.h(454,46): warning C4566: character represented by universal-character-name '\u1EA1' cannot be represented in the current code page (1252)
  (compiling source file 'Main.cpp')
  
E:\WORKSPACE\CODE\PBL\BankingApp_winform\BankingApp_winform\AdminTransactionForm.h(454,46): warning C4566: character represented by universal-character-name '\u0111' cannot be represented in the current code page (1252)
  (compiling source file 'Main.cpp')
  
E:\WORKSPACE\CODE\PBL\BankingApp_winform\BankingApp_winform\AdminTransactionForm.h(454,46): warning C4566: character represented by universal-character-name '\u1ECD' cannot be represented in the current code page (1252)
  (compiling source file 'Main.cpp')
  
E:\WORKSPACE\CODE\PBL\BankingApp_winform\BankingApp_winform\AdminTransactionForm.h(456,46): warning C4566: character represented by universal-character-name '\u01B0' cannot be represented in the current code page (1252)
  (compiling source file 'Main.cpp')
  
E:\WORKSPACE\CODE\PBL\BankingApp_winform\BankingApp_winform\AdminTransactionForm.h(456,46): warning C4566: character represented by universal-character-name '\u1ECB' cannot be represented in the current code page (1252)
  (compiling source file 'Main.cpp')
  
E:\WORKSPACE\CODE\PBL\BankingApp_winform\BankingApp_winform\ServicePaymentForm.h(471,30): warning C4566: character represented by universal-character-name '\u1ED7' cannot be represented in the current code page (1252)
  (compiling source file 'Main.cpp')
  
E:\WORKSPACE\CODE\PBL\BankingApp_winform\BankingApp_winform\ServicePaymentForm.h(471,30): warning C4566: character represented by universal-character-name '\u1EE7' cannot be represented in the current code page (1252)
  (compiling source file 'Main.cpp')
  
E:\WORKSPACE\CODE\PBL\BankingApp_winform\BankingApp_winform\ServicePaymentForm.h(471,30): warning C4566: character represented by universal-character-name '\u1EED' cannot be represented in the current code page (1252)
  (compiling source file 'Main.cpp')
  
E:\WORKSPACE\CODE\PBL\BankingApp_winform\BankingApp_winform\ServicePaymentForm.h(471,30): warning C4566: character represented by universal-character-name '\u1EA1' cannot be represented in the current code page (1252)
  (compiling source file 'Main.cpp')
  
E:\WORKSPACE\CODE\PBL\BankingApp_winform\BankingApp_winform\ClientRecurringPaymentForm.h(517,64): warning C4566: character represented by universal-character-name '\u1EA3' cannot be represented in the current code page (1252)
  (compiling source file 'Main.cpp')
  
E:\WORKSPACE\CODE\PBL\BankingApp_winform\BankingApp_winform\ClientRecurringPaymentForm.h(521,54): warning C4566: character represented by universal-character-name '\u1EA3' cannot be represented in the current code page (1252)
  (compiling source file 'Main.cpp')
  
E:\WORKSPACE\CODE\PBL\BankingApp_winform\BankingApp_winform\ClientRecurringPaymentForm.h(525,77): warning C4566: character represented by universal-character-name '\u1EA3' cannot be represented in the current code page (1252)
  (compiling source file 'Main.cpp')
  
E:\WORKSPACE\CODE\PBL\BankingApp_winform\BankingApp_winform\ClientRecurringPaymentForm.h(550,38): warning C4566: character represented by universal-character-name '\u1EA3' cannot be represented in the current code page (1252)
  (compiling source file 'Main.cpp')
  
E:\WORKSPACE\CODE\PBL\BankingApp_winform\BankingApp_winform\ClientRecurringPaymentForm.h(562,61): warning C4566: character represented by universal-character-name '\u1EA3' cannot be represented in the current code page (1252)
  (compiling source file 'Main.cpp')
  
E:\WORKSPACE\CODE\PBL\BankingApp_winform\BankingApp_winform\ClientRecurringPaymentForm.h(587,74): warning C4566: character represented by universal-character-name '\u1EA3' cannot be represented in the current code page (1252)
  (compiling source file 'Main.cpp')
  
  MainForm.cpp
E:\WORKSPACE\CODE\PBL\BankingApp_winform\BankingApp_winform\ServicePaymentForm.h(471,30): warning C4566: character represented by universal-character-name '\u1ED7' cannot be represented in the current code page (1252)
  (compiling source file 'MainForm.cpp')
  
E:\WORKSPACE\CODE\PBL\BankingApp_winform\BankingApp_winform\ServicePaymentForm.h(471,30): warning C4566: character represented by universal-character-name '\u1EE7' cannot be represented in the current code page (1252)
  (compiling source file 'MainForm.cpp')
  
E:\WORKSPACE\CODE\PBL\BankingApp_winform\BankingApp_winform\ServicePaymentForm.h(471,30): warning C4566: character represented by universal-character-name '\u1EED' cannot be represented in the current code page (1252)
  (compiling source file 'MainForm.cpp')
  
E:\WORKSPACE\CODE\PBL\BankingApp_winform\BankingApp_winform\ServicePaymentForm.h(471,30): warning C4566: character represented by universal-character-name '\u1EA1' cannot be represented in the current code page (1252)
  (compiling source file 'MainForm.cpp')
  
E:\WORKSPACE\CODE\PBL\BankingApp_winform\BankingApp_winform\ClientRecurringPaymentForm.h(517,64): warning C4566: character represented by universal-character-name '\u1EA3' cannot be represented in the current code page (1252)
  (compiling source file 'MainForm.cpp')
  
E:\WORKSPACE\CODE\PBL\BankingApp_winform\BankingApp_winform\ClientRecurringPaymentForm.h(521,54): warning C4566: character represented by universal-character-name '\u1EA3' cannot be represented in the current code page (1252)
  (compiling source file 'MainForm.cpp')
  
E:\WORKSPACE\CODE\PBL\BankingApp_winform\BankingApp_winform\ClientRecurringPaymentForm.h(525,77): warning C4566: character represented by universal-character-name '\u1EA3' cannot be represented in the current code page (1252)
  (compiling source file 'MainForm.cpp')
  
E:\WORKSPACE\CODE\PBL\BankingApp_winform\BankingApp_winform\ClientRecurringPaymentForm.h(550,38): warning C4566: character represented by universal-character-name '\u1EA3' cannot be represented in the current code page (1252)
  (compiling source file 'MainForm.cpp')
  
E:\WORKSPACE\CODE\PBL\BankingApp_winform\BankingApp_winform\ClientRecurringPaymentForm.h(562,61): warning C4566: character represented by universal-character-name '\u1EA3' cannot be represented in the current code page (1252)
  (compiling source file 'MainForm.cpp')
  
E:\WORKSPACE\CODE\PBL\BankingApp_winform\BankingApp_winform\ClientRecurringPaymentForm.h(587,74): warning C4566: character represented by universal-character-name '\u1EA3' cannot be represented in the current code page (1252)
  (compiling source file 'MainForm.cpp')
  
E:\WORKSPACE\CODE\PBL\BankingApp_winform\BankingApp_winform\AdminTransactionForm.h(393,47): warning C4566: character represented by universal-character-name '\u1EA1' cannot be represented in the current code page (1252)
  (compiling source file 'MainForm.cpp')
  
E:\WORKSPACE\CODE\PBL\BankingApp_winform\BankingApp_winform\AdminTransactionForm.h(454,46): warning C4566: character represented by universal-character-name '\u1EA1' cannot be represented in the current code page (1252)
  (compiling source file 'MainForm.cpp')
  
E:\WORKSPACE\CODE\PBL\BankingApp_winform\BankingApp_winform\AdminTransactionForm.h(454,46): warning C4566: character represented by universal-character-name '\u0111' cannot be represented in the current code page (1252)
  (compiling source file 'MainForm.cpp')
  
E:\WORKSPACE\CODE\PBL\BankingApp_winform\BankingApp_winform\AdminTransactionForm.h(454,46): warning C4566: character represented by universal-character-name '\u1ECD' cannot be represented in the current code page (1252)
  (compiling source file 'MainForm.cpp')
  
E:\WORKSPACE\CODE\PBL\BankingApp_winform\BankingApp_winform\AdminTransactionForm.h(456,46): warning C4566: character represented by universal-character-name '\u01B0' cannot be represented in the current code page (1252)
  (compiling source file 'MainForm.cpp')
  
E:\WORKSPACE\CODE\PBL\BankingApp_winform\BankingApp_winform\AdminTransactionForm.h(456,46): warning C4566: character represented by universal-character-name '\u1ECB' cannot be represented in the current code page (1252)
  (compiling source file 'MainForm.cpp')
  
  ServicePaymentForm.cpp
E:\WORKSPACE\CODE\PBL\BankingApp_winform\BankingApp_winform\ServicePaymentForm.h(471,30): warning C4566: character represented by universal-character-name '\u1ED7' cannot be represented in the current code page (1252)
  (compiling source file 'ServicePaymentForm.cpp')
  
E:\WORKSPACE\CODE\PBL\BankingApp_winform\BankingApp_winform\ServicePaymentForm.h(471,30): warning C4566: character represented by universal-character-name '\u1EE7' cannot be represented in the current code page (1252)
  (compiling source file 'ServicePaymentForm.cpp')
  
E:\WORKSPACE\CODE\PBL\BankingApp_winform\BankingApp_winform\ServicePaymentForm.h(471,30): warning C4566: character represented by universal-character-name '\u1EED' cannot be represented in the current code page (1252)
  (compiling source file 'ServicePaymentForm.cpp')
  
E:\WORKSPACE\CODE\PBL\BankingApp_winform\BankingApp_winform\ServicePaymentForm.h(471,30): warning C4566: character represented by universal-character-name '\u1EA1' cannot be represented in the current code page (1252)
  (compiling source file 'ServicePaymentForm.cpp')
  
E:\WORKSPACE\CODE\PBL\BankingApp_winform\BankingApp_winform\ServicePaymentForm.cpp(102,34): warning C4566: character represented by universal-character-name '\u1ED7' cannot be represented in the current code page (1252)
E:\WORKSPACE\CODE\PBL\BankingApp_winform\BankingApp_winform\ServicePaymentForm.cpp(102,34): warning C4566: character represented by universal-character-name '\u1EC3' cannot be represented in the current code page (1252)
E:\WORKSPACE\CODE\PBL\BankingApp_winform\BankingApp_winform\ServicePaymentForm.cpp(102,34): warning C4566: character represented by universal-character-name '\u1EA5' cannot be represented in the current code page (1252)
E:\WORKSPACE\CODE\PBL\BankingApp_winform\BankingApp_winform\ServicePaymentForm.cpp(102,34): warning C4566: character represented by universal-character-name '\u1EEF' cannot be represented in the current code page (1252)
E:\WORKSPACE\CODE\PBL\BankingApp_winform\BankingApp_winform\ServicePaymentForm.cpp(102,34): warning C4566: character represented by universal-character-name '\u1EC7' cannot be represented in the current code page (1252)
E:\WORKSPACE\CODE\PBL\BankingApp_winform\BankingApp_winform\ServicePaymentForm.cpp(114,79): warning C4566: character represented by universal-character-name '\u1EA3' cannot be represented in the current code page (1252)
E:\WORKSPACE\CODE\PBL\BankingApp_winform\BankingApp_winform\ServicePaymentForm.cpp(141,68): warning C4566: character represented by universal-character-name '\u1EA3' cannot be represented in the current code page (1252)
E:\WORKSPACE\CODE\PBL\BankingApp_winform\BankingApp_winform\ServicePaymentForm.cpp(145,68): warning C4566: character represented by universal-character-name '\u1EA3' cannot be represented in the current code page (1252)
E:\WORKSPACE\CODE\PBL\BankingApp_winform\BankingApp_winform\ServicePaymentForm.cpp(164,70): warning C4566: character represented by universal-character-name '\u1EA3' cannot be represented in the current code page (1252)
E:\WORKSPACE\CODE\PBL\BankingApp_winform\BankingApp_winform\ServicePaymentForm.cpp(176,74): warning C4566: character represented by universal-character-name '\u1EA3' cannot be represented in the current code page (1252)
  TableUsersForm.cpp
E:\WORKSPACE\CODE\PBL\BankingApp_winform\BankingApp_winform\AdminTransactionForm.h(393,47): warning C4566: character represented by universal-character-name '\u1EA1' cannot be represented in the current code page (1252)
  (compiling source file 'TableUsersForm.cpp')
  
E:\WORKSPACE\CODE\PBL\BankingApp_winform\BankingApp_winform\AdminTransactionForm.h(454,46): warning C4566: character represented by universal-character-name '\u1EA1' cannot be represented in the current code page (1252)
  (compiling source file 'TableUsersForm.cpp')
  
E:\WORKSPACE\CODE\PBL\BankingApp_winform\BankingApp_winform\AdminTransactionForm.h(454,46): warning C4566: character represented by universal-character-name '\u0111' cannot be represented in the current code page (1252)
  (compiling source file 'TableUsersForm.cpp')
  
E:\WORKSPACE\CODE\PBL\BankingApp_winform\BankingApp_winform\AdminTransactionForm.h(454,46): warning C4566: character represented by universal-character-name '\u1ECD' cannot be represented in the current code page (1252)
  (compiling source file 'TableUsersForm.cpp')
  
E:\WORKSPACE\CODE\PBL\BankingApp_winform\BankingApp_winform\AdminTransactionForm.h(456,46): warning C4566: character represented by universal-character-name '\u01B0' cannot be represented in the current code page (1252)
  (compiling source file 'TableUsersForm.cpp')
  
E:\WORKSPACE\CODE\PBL\BankingApp_winform\BankingApp_winform\AdminTransactionForm.h(456,46): warning C4566: character represented by universal-character-name '\u1ECB' cannot be represented in the current code page (1252)
  (compiling source file 'TableUsersForm.cpp')
  
  Generating Code...
  AccountForm.obj : MSIL module encountered; incremental linking is disabled for MSIL; performing full link
  BankingApp_winform.vcxproj -> E:\WORKSPACE\CODE\PBL\BankingApp_winform\x64\Debug\BankingApp_winform.exe
